<?xml version="1.0" encoding="UTF-8"?>
<!-- Generated by org.testng.reporters.JUnitReportReporter -->
<testsuite skipped="0" hostname="PC" name="ChromeDriverTest" tests="5" failures="0" timestamp="2020-04-07T15:02:04 GMT+07:00" time="15.436" errors="0">
  <testcase name="verifySlidingRecommendations" time="0.588" classname="ChromeDriverTest"/>
  <system-out/>
  <testcase name="verifyOpeningProductViaCatalog" time="6.074" classname="ChromeDriverTest"/>
  <system-out/>
  <testcase name="verifyChangingLocation" time="3.942" classname="ChromeDriverTest"/>
  <system-out/>
  <testcase name="verifySearchingProductByName" time="2.518" classname="ChromeDriverTest"/>
  <system-out/>
  <testcase name="verifyAddingProductInCart" time="2.314" classname="ChromeDriverTest"/>
  <system-out/>
</testsuite> <!-- ChromeDriverTest -->
